<?xml version="1.0" encoding="UTF-8"?>
<!-- Generated by org.testng.reporters.JUnitXMLReporter -->
<testsuite ignored="1" hostname="DESKTOP-LRCIE6C" failures="1" tests="6" name="Test" time="15.718" errors="0" timestamp="2024-11-12T20:30:36 IST">
  <testcase classname="org.TestNgWorks.LaunchingTourisumSites" name="maharashtra" time="5.029">
    <failure type="org.testng.internal.thread.ThreadTimeoutException" message="Method org.TestNgWorks.LaunchingTourisumSites.maharashtra() didn&amp;apos;t finish within the time-out 5000">
      <![CDATA[org.testng.internal.thread.ThreadTimeoutException: Method org.TestNgWorks.LaunchingTourisumSites.maharashtra() didn't finish within the time-out 5000
at java.base/java.util.ArrayList.forEach(ArrayList.java:1597)
... Removed 24 stack frames]]>
    </failure>
  </testcase> <!-- maharashtra -->
  <testcase classname="org.TestNgWorks.LaunchingCricBuzz" name="launApplication" time="7.439"/>
  <testcase classname="org.TestNgWorks.LaunchingCricBuzz" name="launApplication" time="8.437"/>
  <testcase classname="org.TestNgWorks.LaunchingCricBuzz" name="launApplication" time="9.799"/>
  <testcase classname="org.TestNgWorks.LaunchingCricBuzz" name="launApplication" time="10.28"/>
  <testcase classname="org.TestNgWorks.LaunchingCricBuzz" name="launApplication" time="10.632"/>
  <testcase classname="org.TestNgWorks.LaunchingTourisumSites" name="Karnataka" time="0.0">
    <ignored/>
  </testcase> <!-- Karnataka -->
</testsuite> <!-- Test -->
