<?xml version="1.0" encoding="UTF-8"?>
<!-- Generated by org.testng.reporters.JUnitXMLReporter -->
<testsuite ignored="0" hostname="DESKTOP-LRCIE6C" failures="0" tests="9" name="Surefire test" time="19.752" errors="0" timestamp="2024-11-13T13:53:18 IST">
  <testcase classname="NewTest" name="f" time="0.002"/>
  <testcase classname="NewTest" name="f" time="0.001"/>
  <testcase classname="org.TestNgWorks.TestngDemo" name="launchGoogle" time="6.049"/>
  <testcase classname="org.TestNgWorks.TestngDemo" name="test1" time="0.001"/>
  <testcase classname="org.TestNgWorks.TestngDemo" name="test2" time="0.0"/>
  <testcase classname="org.testScripts.Adidas_Test" name="launchadidas" time="3.005"/>
  <testcase classname="org.testScripts.BMW_Test" name="launOne8" time="5.166"/>
  <testcase classname="org.testScripts.ShahrukhKhan_Test" name="launchVicky" time="3.363"/>
  <testcase classname="org.testScripts.Vicky_Test" name="launchVicky" time="2.102"/>
</testsuite> <!-- Surefire test -->
