<?xml version="1.0" encoding="UTF-8"?>
<testng-results ignored="1" total="7" passed="5" failed="1" skipped="0">
  <reporter-output>
    <line>
      <![CDATA[Browser Launch]]>
    </line>
    <line>
      <![CDATA[Browser maximised]]>
    </line>
    <line>
      <![CDATA[Browser will wait]]>
    </line>
    <line>
      <![CDATA[Browser is launched]]>
    </line>
    <line>
      <![CDATA[Browser is launched]]>
    </line>
    <line>
      <![CDATA[Browser is launched]]>
    </line>
    <line>
      <![CDATA[Browser is launched]]>
    </line>
    <line>
      <![CDATA[Browser is launched]]>
    </line>
    <line>
      <![CDATA[Window is Maximized]]>
    </line>
    <line>
      <![CDATA[Window is Maximized]]>
    </line>
    <line>
      <![CDATA[Window is Maximized]]>
    </line>
    <line>
      <![CDATA[Window is Maximized]]>
    </line>
    <line>
      <![CDATA[Navigate to CricBuzz application]]>
    </line>
    <line>
      <![CDATA[Browser is Closed]]>
    </line>
    <line>
      <![CDATA[Window is Maximized]]>
    </line>
    <line>
      <![CDATA[Navigate to CricBuzz application]]>
    </line>
    <line>
      <![CDATA[Browser is Closed]]>
    </line>
    <line>
      <![CDATA[Navigate to CricBuzz application]]>
    </line>
    <line>
      <![CDATA[Browser is Closed]]>
    </line>
    <line>
      <![CDATA[Navigate to CricBuzz application]]>
    </line>
    <line>
      <![CDATA[Browser is Closed]]>
    </line>
    <line>
      <![CDATA[Navigate to CricBuzz application]]>
    </line>
    <line>
      <![CDATA[Browser is Closed]]>
    </line>
  </reporter-output>
  <suite started-at="2024-11-12T20:30:20 IST" name="Suite" finished-at="2024-11-12T20:30:35 IST" duration-ms="15718">
    <groups>
    </groups>
    <test started-at="2024-11-12T20:30:20 IST" name="Test" finished-at="2024-11-12T20:30:35 IST" duration-ms="15718">
      <class name="org.TestNgWorks.LaunchingTourisumSites">
        <test-method signature="maharashtra()[pri:0, instance:org.TestNgWorks.LaunchingTourisumSites@36916eb0]" started-at="2024-11-12T20:30:20 IST" name="maharashtra" finished-at="2024-11-12T20:30:25 IST" duration-ms="5029" status="FAIL">
          <exception class="org.testng.internal.thread.ThreadTimeoutException">
            <message>
              <![CDATA[Method org.TestNgWorks.LaunchingTourisumSites.maharashtra() didn't finish within the time-out 5000]]>
            </message>
            <full-stacktrace>
              <![CDATA[org.testng.internal.thread.ThreadTimeoutException: Method org.TestNgWorks.LaunchingTourisumSites.maharashtra() didn't finish within the time-out 5000
at org.testng.internal.MethodInvocationHelper.invokeWithTimeoutWithNewExecutor(MethodInvocationHelper.java:384)
at org.testng.internal.MethodInvocationHelper.invokeWithTimeout(MethodInvocationHelper.java:283)
at org.testng.internal.TestInvoker.invokeMethod(TestInvoker.java:604)
at org.testng.internal.TestInvoker.invokeTestMethod(TestInvoker.java:173)
at org.testng.internal.MethodRunner.runInSequence(MethodRunner.java:46)
at org.testng.internal.TestInvoker$MethodInvocationAgent.invoke(TestInvoker.java:824)
at org.testng.internal.TestInvoker.invokeTestMethods(TestInvoker.java:146)
at org.testng.internal.TestMethodWorker.invokeTestMethods(TestMethodWorker.java:146)
at org.testng.internal.TestMethodWorker.run(TestMethodWorker.java:128)
at java.base/java.util.ArrayList.forEach(ArrayList.java:1597)
at org.testng.TestRunner.privateRun(TestRunner.java:794)
at org.testng.TestRunner.run(TestRunner.java:596)
at org.testng.SuiteRunner.runTest(SuiteRunner.java:377)
at org.testng.SuiteRunner.runSequentially(SuiteRunner.java:371)
at org.testng.SuiteRunner.privateRun(SuiteRunner.java:332)
at org.testng.SuiteRunner.run(SuiteRunner.java:276)
at org.testng.SuiteRunnerWorker.runSuite(SuiteRunnerWorker.java:53)
at org.testng.SuiteRunnerWorker.run(SuiteRunnerWorker.java:96)
at org.testng.TestNG.runSuitesSequentially(TestNG.java:1212)
at org.testng.TestNG.runSuitesLocally(TestNG.java:1134)
at org.testng.TestNG.runSuites(TestNG.java:1063)
at org.testng.TestNG.run(TestNG.java:1031)
at org.testng.remote.AbstractRemoteTestNG.run(AbstractRemoteTestNG.java:115)
at org.testng.remote.RemoteTestNG.initAndRun(RemoteTestNG.java:293)
at org.testng.remote.RemoteTestNG.main(RemoteTestNG.java:91)
]]>
            </full-stacktrace>
          </exception> <!-- org.testng.internal.thread.ThreadTimeoutException -->
          <reporter-output>
            <line>
              <![CDATA[Browser Launch]]>
            </line>
            <line>
              <![CDATA[Browser maximised]]>
            </line>
            <line>
              <![CDATA[Browser will wait]]>
            </line>
          </reporter-output>
        </test-method> <!-- maharashtra -->
      </class> <!-- org.TestNgWorks.LaunchingTourisumSites -->
      <class name="org.TestNgWorks.LaunchingCricBuzz">
        <test-method signature="launApplication()[pri:0, instance:org.TestNgWorks.LaunchingCricBuzz@4b0d79fc]" started-at="2024-11-12T20:30:25 IST" name="launApplication" finished-at="2024-11-12T20:30:35 IST" duration-ms="9799" status="PASS">
          <reporter-output>
            <line>
              <![CDATA[Browser is launched]]>
            </line>
            <line>
              <![CDATA[Window is Maximized]]>
            </line>
            <line>
              <![CDATA[Navigate to CricBuzz application]]>
            </line>
            <line>
              <![CDATA[Browser is Closed]]>
            </line>
          </reporter-output>
        </test-method> <!-- launApplication -->
        <test-method signature="launApplication()[pri:0, instance:org.TestNgWorks.LaunchingCricBuzz@4b0d79fc]" started-at="2024-11-12T20:30:25 IST" name="launApplication" finished-at="2024-11-12T20:30:32 IST" duration-ms="7439" status="PASS">
          <reporter-output>
            <line>
              <![CDATA[Browser is launched]]>
            </line>
            <line>
              <![CDATA[Window is Maximized]]>
            </line>
            <line>
              <![CDATA[Navigate to CricBuzz application]]>
            </line>
            <line>
              <![CDATA[Browser is Closed]]>
            </line>
          </reporter-output>
        </test-method> <!-- launApplication -->
        <test-method signature="launApplication()[pri:0, instance:org.TestNgWorks.LaunchingCricBuzz@4b0d79fc]" started-at="2024-11-12T20:30:25 IST" name="launApplication" finished-at="2024-11-12T20:30:33 IST" duration-ms="8437" status="PASS">
          <reporter-output>
            <line>
              <![CDATA[Browser is launched]]>
            </line>
            <line>
              <![CDATA[Window is Maximized]]>
            </line>
            <line>
              <![CDATA[Navigate to CricBuzz application]]>
            </line>
            <line>
              <![CDATA[Browser is Closed]]>
            </line>
          </reporter-output>
        </test-method> <!-- launApplication -->
        <test-method signature="launApplication()[pri:0, instance:org.TestNgWorks.LaunchingCricBuzz@4b0d79fc]" started-at="2024-11-12T20:30:25 IST" name="launApplication" finished-at="2024-11-12T20:30:35 IST" duration-ms="10632" status="PASS">
          <reporter-output>
            <line>
              <![CDATA[Browser is launched]]>
            </line>
            <line>
              <![CDATA[Window is Maximized]]>
            </line>
            <line>
              <![CDATA[Navigate to CricBuzz application]]>
            </line>
            <line>
              <![CDATA[Browser is Closed]]>
            </line>
          </reporter-output>
        </test-method> <!-- launApplication -->
        <test-method signature="launApplication()[pri:0, instance:org.TestNgWorks.LaunchingCricBuzz@4b0d79fc]" started-at="2024-11-12T20:30:25 IST" name="launApplication" finished-at="2024-11-12T20:30:35 IST" duration-ms="10280" status="PASS">
          <reporter-output>
            <line>
              <![CDATA[Browser is launched]]>
            </line>
            <line>
              <![CDATA[Window is Maximized]]>
            </line>
            <line>
              <![CDATA[Navigate to CricBuzz application]]>
            </line>
            <line>
              <![CDATA[Browser is Closed]]>
            </line>
          </reporter-output>
        </test-method> <!-- launApplication -->
      </class> <!-- org.TestNgWorks.LaunchingCricBuzz -->
    </test> <!-- Test -->
  </suite> <!-- Suite -->
</testng-results>
